Сборка начата 29.05.2014 17:29:50.
     1>Проект "C:\Users\Farid\Documents\Visual Studio 2012\Projects\Client\Client\Client.vcxproj" в узле 2 (целевые объекты Build).
     1>ClCompile:
         C:\Program Files (x86)\Microsoft Visual Studio 11.0\VC\bin\CL.exe /c /ZI /nologo /W3 /WX- /sdl /Od /Oy- /D _MBCS /Gm /EHsc /RTC1 /MDd /GS /fp:precise /Zc:wchar_t /Zc:forScope /Fo"Debug\\" /Fd"Debug\vc110.pdb" /Gd /TP /analyze- /errorReport:prompt Client.cpp
         Client.cpp
     1>c:\users\farid\documents\visual studio 2012\projects\client\client\aes.h(74): warning C4018: <: несоответствие типов со знаком и без знака
     1>c:\users\farid\documents\visual studio 2012\projects\client\client\aes.h(147): warning C4018: <: несоответствие типов со знаком и без знака
     1>c:\users\farid\documents\visual studio 2012\projects\client\client\aes.h(178): warning C4018: <: несоответствие типов со знаком и без знака
     1>c:\users\farid\documents\visual studio 2012\projects\client\client\aes.h(186): warning C4244: аргумент: преобразование "unsigned __int64" в "int", возможна потеря данных
     1>c:\users\farid\documents\visual studio 2012\projects\client\client\aes.h(201): warning C4244: аргумент: преобразование "unsigned __int64" в "int", возможна потеря данных
     1>c:\users\farid\documents\visual studio 2012\projects\client\client\aes.h(212): warning C4244: аргумент: преобразование "unsigned __int64" в "int", возможна потеря данных
     1>c:\users\farid\documents\visual studio 2012\projects\client\client\aes.h(449): warning C4018: <: несоответствие типов со знаком и без знака
     1>c:\users\farid\documents\visual studio 2012\projects\client\client\aes.h(467): warning C4018: <: несоответствие типов со знаком и без знака
     1>c:\users\farid\documents\visual studio 2012\projects\client\client\aes.h(477): warning C4018: <: несоответствие типов со знаком и без знака
       Link:
         C:\Program Files (x86)\Microsoft Visual Studio 11.0\VC\bin\link.exe /ERRORREPORT:PROMPT /OUT:"C:\Users\Farid\Documents\Visual Studio 2012\Projects\Client\Debug\Client.exe" /INCREMENTAL /NOLOGO kernel32.lib user32.lib gdi32.lib winspool.lib comdlg32.lib advapi32.lib shell32.lib ole32.lib oleaut32.lib uuid.lib odbc32.lib odbccp32.lib /MANIFEST /MANIFESTUAC:"level='asInvoker' uiAccess='false'" /manifest:embed /DEBUG /PDB:"C:\Users\Farid\Documents\Visual Studio 2012\Projects\Client\Debug\Client.pdb" /TLBID:1 /DYNAMICBASE /NXCOMPAT /IMPLIB:"C:\Users\Farid\Documents\Visual Studio 2012\Projects\Client\Debug\Client.lib" /MACHINE:X86 Debug\Client.obj
         Client.vcxproj -> C:\Users\Farid\Documents\Visual Studio 2012\Projects\Client\Debug\Client.exe
     1>Построение проекта "C:\Users\Farid\Documents\Visual Studio 2012\Projects\Client\Client\Client.vcxproj" завершено (целевые объекты Build).

Сборка успешно завершена.

Затраченное время: 00:00:01.47
