Сборка начата 13.05.2014 19:34:35.
     1>Проект "C:\Users\Farid\documents\visual studio 2012\Projects\AES\AES\AES.vcxproj" в узле 2 (целевые объекты Build).
     1>ClCompile:
         C:\Program Files (x86)\Microsoft Visual Studio 11.0\VC\bin\CL.exe /c /ZI /nologo /W3 /WX- /sdl /Od /Oy- /D _MBCS /Gm /EHsc /RTC1 /MDd /GS /fp:precise /Zc:wchar_t /Zc:forScope /Fo"Debug\\" /Fd"Debug\vc110.pdb" /Gd /TP /analyze- /errorReport:prompt AES.cpp
         AES.cpp
     1>c:\users\farid\documents\visual studio 2012\projects\aes\aes\aes.cpp(31): warning C4018: <: несоответствие типов со знаком и без знака
     1>c:\users\farid\documents\visual studio 2012\projects\aes\aes\aes.cpp(104): warning C4018: <: несоответствие типов со знаком и без знака
     1>c:\users\farid\documents\visual studio 2012\projects\aes\aes\aes.cpp(135): warning C4018: <: несоответствие типов со знаком и без знака
     1>c:\users\farid\documents\visual studio 2012\projects\aes\aes\aes.cpp(143): warning C4244: аргумент: преобразование "unsigned __int64" в "int", возможна потеря данных
     1>c:\users\farid\documents\visual studio 2012\projects\aes\aes\aes.cpp(158): warning C4244: аргумент: преобразование "unsigned __int64" в "int", возможна потеря данных
     1>c:\users\farid\documents\visual studio 2012\projects\aes\aes\aes.cpp(169): warning C4244: аргумент: преобразование "unsigned __int64" в "int", возможна потеря данных
     1>c:\users\farid\documents\visual studio 2012\projects\aes\aes\aes.cpp(379): warning C4018: <: несоответствие типов со знаком и без знака
     1>c:\users\farid\documents\visual studio 2012\projects\aes\aes\aes.cpp(461): warning C4018: <: несоответствие типов со знаком и без знака
     1>c:\users\farid\documents\visual studio 2012\projects\aes\aes\aes.cpp(477): warning C4018: <: несоответствие типов со знаком и без знака
       Link:
         C:\Program Files (x86)\Microsoft Visual Studio 11.0\VC\bin\link.exe /ERRORREPORT:PROMPT /OUT:"C:\Users\Farid\documents\visual studio 2012\Projects\AES\Debug\AES.exe" /INCREMENTAL /NOLOGO kernel32.lib user32.lib gdi32.lib winspool.lib comdlg32.lib advapi32.lib shell32.lib ole32.lib oleaut32.lib uuid.lib odbc32.lib odbccp32.lib /MANIFEST /MANIFESTUAC:"level='asInvoker' uiAccess='false'" /manifest:embed /DEBUG /PDB:"C:\Users\Farid\documents\visual studio 2012\Projects\AES\Debug\AES.pdb" /TLBID:1 /DYNAMICBASE /NXCOMPAT /IMPLIB:"C:\Users\Farid\documents\visual studio 2012\Projects\AES\Debug\AES.lib" /MACHINE:X86 Debug\AES.obj
         AES.vcxproj -> C:\Users\Farid\documents\visual studio 2012\Projects\AES\Debug\AES.exe
     1>Построение проекта "C:\Users\Farid\documents\visual studio 2012\Projects\AES\AES\AES.vcxproj" завершено (целевые объекты Build).

Сборка успешно завершена.

Затраченное время: 00:00:03.84
